
1.1 (GET) /price => 304
1.1 (GET) /price?key=demo => 304
1.1 (GET) /favicon.ico => 404
1.1 (GET) /price => 200
1.1 (GET) /price?key=demo => 304
1.1 (GET) /price?key=nDF3TlKCW9FLew5F => 200
1.1 (GET) /price?key=nDF3TlKCW9FLew5 => 200
1.1 (GET) /price => 304
1.1 (GET) /price => 304
1.1 (GET) /price?key=demo => 429
1.1 (GET) /price?key=symbol= => 429
1.1 (GET) /price?key=symbol= => 200
1.1 (GET) /price?key=symbol= => 304
1.1 (GET) /price?key=nDF3TlKCW9FLew5Fsymbol= => 429
1.1 (GET) /price?key=nDF3TlKCW9FLew5Fsymbol= => 200
1.1 (GET) /price?key=nDF3TlKCW9FLew5F => 304
1.1 (GET) /price?key=nDF3TlKCW9FLew5F => 304
1.1 (GET) /price?key=nDF3TlKCW9FLew5F => 304
1.1 (GET) /price?key=nDF3TlKCW9FLew5F&symbol=fa => 200
1.1 (GET) /price?key=nDF3TlKCW9FLew5F&symbol= => 200
1.1 (GET) /price?key=nDF3TlKCW9FLew5F => 200
1.1 (GET) /price?key=nDF3TlKCW9FLew5F&symbol=FB => 200
1.1 (GET) /price => 200
1.1 (GET) /favicon.ico => 404
1.1 (GET) /price => 304
1.1 (GET) /price?key=demo => 200
1.1 (GET) /price?key=demo&symbol=FB => 200
1.1 (GET) /price?key=demo&symbol=FB => 200
1.1 (GET) /price => 304
1.1 (GET) /price?key=sIErhBeUVToWvqpe&symbol=FB => 200
1.1 (GET) /price?key=sIErhBeUVToWvqpe&symbol=FB => 200
1.1 (GET) /price?key=sIErhBeUVToWvqpe&symbol=FB => 200
1.1 (GET) /price?key=sIErhBeUVToWvqpe&symbol=FB => 304
